<?xml version="1.0" encoding="UTF-8"?>
<!-- Generated by org.testng.reporters.JUnitReportReporter -->
<testsuite hostname="LAPTOP-0MJRDEEN" failures="1" tests="1" name="TestCases.TestNg" time="19.411" errors="0" timestamp="30 Apr 2020 07:51:56 GMT">
  <testcase classname="TestCases.TestNg" name="TestLog" time="19.411">
    <failure message="session not created
from chrome not reachable
  (Session info: chrome=81.0.4044.129)
Build info: version: &#039;3.141.59&#039;, revision: &#039;e82be7d358&#039;, time: &#039;2018-11-14T08:25:53&#039;
System info: host: &#039;LAPTOP-0MJRDEEN&#039;, ip: &#039;192.168.1.11&#039;, os.name: &#039;Windows 10&#039;, os.arch: &#039;amd64&#039;, os.version: &#039;10.0&#039;, java.version: &#039;13.0.2&#039;
Driver info: driver.version: ChromeDriver
remote stacktrace: Backtrace:
	Ordinal0 [0x00340C83+1707139]
	Ordinal0 [0x002A68F1+1075441]
	Ordinal0 [0x0021DE72+515698]
	Ordinal0 [0x00217CA8+490664]
	Ordinal0 [0x0021839B+492443]
	Ordinal0 [0x002192F5+496373]
	Ordinal0 [0x00214F05+478981]
	Ordinal0 [0x0021ECA0+519328]
	Ordinal0 [0x001CCA67+182887]
	Ordinal0 [0x001CBDDD+179677]
	Ordinal0 [0x001C9D4B+171339]
	Ordinal0 [0x001B1D4A+73034]
	Ordinal0 [0x001B2DC0+77248]
	Ordinal0 [0x001B2D59+77145]
	Ordinal0 [0x002BBB67+1162087]
	GetHandleVerifier [0x003DA966+508998]
	GetHandleVerifier [0x003DA6A4+508292]
	GetHandleVerifier [0x003EF7B7+594583]
	GetHandleVerifier [0x003DB1D6+511158]
	Ordinal0 [0x002B402C+1130540]
	Ordinal0 [0x002BD4CB+1168587]
	Ordinal0 [0x002BD633+1168947]
	Ordinal0 [0x002D5B35+1268533]
	BaseThreadInitThunk [0x74DB6359+25]
	RtlGetAppContainerNamedObjectPath [0x772B7C14+228]
	RtlGetAppContainerNamedObjectPath [0x772B7BE4+180]
" type="org.openqa.selenium.SessionNotCreatedException">
      <![CDATA[org.openqa.selenium.SessionNotCreatedException: session not created
from chrome not reachable
  (Session info: chrome=81.0.4044.129)
Build info: version: '3.141.59', revision: 'e82be7d358', time: '2018-11-14T08:25:53'
System info: host: 'LAPTOP-0MJRDEEN', ip: '192.168.1.11', os.name: 'Windows 10', os.arch: 'amd64', os.version: '10.0', java.version: '13.0.2'
Driver info: driver.version: ChromeDriver
remote stacktrace: Backtrace:
	Ordinal0 [0x00340C83+1707139]
	Ordinal0 [0x002A68F1+1075441]
	Ordinal0 [0x0021DE72+515698]
	Ordinal0 [0x00217CA8+490664]
	Ordinal0 [0x0021839B+492443]
	Ordinal0 [0x002192F5+496373]
	Ordinal0 [0x00214F05+478981]
	Ordinal0 [0x0021ECA0+519328]
	Ordinal0 [0x001CCA67+182887]
	Ordinal0 [0x001CBDDD+179677]
	Ordinal0 [0x001C9D4B+171339]
	Ordinal0 [0x001B1D4A+73034]
	Ordinal0 [0x001B2DC0+77248]
	Ordinal0 [0x001B2D59+77145]
	Ordinal0 [0x002BBB67+1162087]
	GetHandleVerifier [0x003DA966+508998]
	GetHandleVerifier [0x003DA6A4+508292]
	GetHandleVerifier [0x003EF7B7+594583]
	GetHandleVerifier [0x003DB1D6+511158]
	Ordinal0 [0x002B402C+1130540]
	Ordinal0 [0x002BD4CB+1168587]
	Ordinal0 [0x002BD633+1168947]
	Ordinal0 [0x002D5B35+1268533]
	BaseThreadInitThunk [0x74DB6359+25]
	RtlGetAppContainerNamedObjectPath [0x772B7C14+228]
	RtlGetAppContainerNamedObjectPath [0x772B7BE4+180]

	at java.base/jdk.internal.reflect.NativeConstructorAccessorImpl.newInstance0(Native Method)
	at java.base/jdk.internal.reflect.NativeConstructorAccessorImpl.newInstance(NativeConstructorAccessorImpl.java:62)
	at java.base/jdk.internal.reflect.DelegatingConstructorAccessorImpl.newInstance(DelegatingConstructorAccessorImpl.java:45)
	at java.base/java.lang.reflect.Constructor.newInstanceWithCaller(Constructor.java:500)
	at java.base/java.lang.reflect.Constructor.newInstance(Constructor.java:481)
	at org.openqa.selenium.remote.W3CHandshakeResponse.lambda$errorHandler$0(W3CHandshakeResponse.java:62)
	at org.openqa.selenium.remote.HandshakeResponse.lambda$getResponseFunction$0(HandshakeResponse.java:30)
	at org.openqa.selenium.remote.ProtocolHandshake.lambda$createSession$0(ProtocolHandshake.java:126)
	at java.base/java.util.stream.ReferencePipeline$3$1.accept(ReferencePipeline.java:195)
	at java.base/java.util.Spliterators$ArraySpliterator.tryAdvance(Spliterators.java:958)
	at java.base/java.util.stream.ReferencePipeline.forEachWithCancel(ReferencePipeline.java:127)
	at java.base/java.util.stream.AbstractPipeline.copyIntoWithCancel(AbstractPipeline.java:502)
	at java.base/java.util.stream.AbstractPipeline.copyInto(AbstractPipeline.java:488)
	at java.base/java.util.stream.AbstractPipeline.wrapAndCopyInto(AbstractPipeline.java:474)
	at java.base/java.util.stream.FindOps$FindOp.evaluateSequential(FindOps.java:150)
	at java.base/java.util.stream.AbstractPipeline.evaluate(AbstractPipeline.java:234)
	at java.base/java.util.stream.ReferencePipeline.findFirst(ReferencePipeline.java:543)
	at org.openqa.selenium.remote.ProtocolHandshake.createSession(ProtocolHandshake.java:128)
	at org.openqa.selenium.remote.ProtocolHandshake.createSession(ProtocolHandshake.java:74)
	at org.openqa.selenium.remote.HttpCommandExecutor.execute(HttpCommandExecutor.java:136)
	at org.openqa.selenium.remote.service.DriverCommandExecutor.execute(DriverCommandExecutor.java:83)
	at org.openqa.selenium.remote.RemoteWebDriver.execute(RemoteWebDriver.java:552)
	at org.openqa.selenium.remote.RemoteWebDriver.startSession(RemoteWebDriver.java:213)
	at org.openqa.selenium.remote.RemoteWebDriver.<init>(RemoteWebDriver.java:131)
	at org.openqa.selenium.chrome.ChromeDriver.<init>(ChromeDriver.java:181)
	at org.openqa.selenium.chrome.ChromeDriver.<init>(ChromeDriver.java:168)
	at org.openqa.selenium.chrome.ChromeDriver.<init>(ChromeDriver.java:123)
	at TestCases.TestNg.TestLog(TestNg.java:19)
	at java.base/jdk.internal.reflect.NativeMethodAccessorImpl.invoke0(Native Method)
	at java.base/jdk.internal.reflect.NativeMethodAccessorImpl.invoke(NativeMethodAccessorImpl.java:62)
	at java.base/jdk.internal.reflect.DelegatingMethodAccessorImpl.invoke(DelegatingMethodAccessorImpl.java:43)
	at java.base/java.lang.reflect.Method.invoke(Method.java:567)
	at org.testng.internal.MethodInvocationHelper.invokeMethod(MethodInvocationHelper.java:80)
	at org.testng.internal.Invoker.invokeMethod(Invoker.java:715)
	at org.testng.internal.Invoker.invokeTestMethod(Invoker.java:907)
	at org.testng.internal.Invoker.invokeTestMethods(Invoker.java:1237)
	at org.testng.internal.TestMethodWorker.invokeTestMethods(TestMethodWorker.java:127)
	at org.testng.internal.TestMethodWorker.run(TestMethodWorker.java:111)
	at org.testng.TestRunner.privateRun(TestRunner.java:767)
	at org.testng.TestRunner.run(TestRunner.java:617)
	at org.testng.SuiteRunner.runTest(SuiteRunner.java:334)
	at org.testng.SuiteRunner.runSequentially(SuiteRunner.java:329)
	at org.testng.SuiteRunner.privateRun(SuiteRunner.java:291)
	at org.testng.SuiteRunner.run(SuiteRunner.java:240)
	at org.testng.SuiteRunnerWorker.runSuite(SuiteRunnerWorker.java:51)
	at org.testng.SuiteRunnerWorker.run(SuiteRunnerWorker.java:85)
	at org.testng.TestNG.runSuitesSequentially(TestNG.java:1197)
	at org.testng.TestNG.runSuitesLocally(TestNG.java:1122)
	at org.testng.TestNG.run(TestNG.java:1030)
	at org.testng.remote.AbstractRemoteTestNG.run(AbstractRemoteTestNG.java:115)
	at org.testng.remote.RemoteTestNG.initAndRun(RemoteTestNG.java:251)
	at org.testng.remote.RemoteTestNG.main(RemoteTestNG.java:77)
]]>
    </failure>
  </testcase> <!-- TestLog -->
</testsuite> <!-- TestCases.TestNg -->
