<?xml version="1.0" encoding="UTF-8"?>
<!-- Generated by org.testng.reporters.JUnitXMLReporter -->
<testsuite hostname="LAPTOP-0MJRDEEN" failures="0" tests="1" name="Test1" time="4.639" errors="0" timestamp="21 May 2020 09:50:53 GMT">
  <testcase classname="extRepScrShot" name="@BeforeMethod URL" time="0.0">
    <failure type="org.openqa.selenium.SessionNotCreatedException" message="session not created: This version of ChromeDriver only supports Chrome version 80
Build info: version: &amp;apos;3.141.59&amp;apos;, revision: &amp;apos;e82be7d358&amp;apos;, time: &amp;apos;2018-11-14T08:25:53&amp;apos;
System info: host: &amp;apos;LAPTOP-0MJRDEEN&amp;apos;, ip: &amp;apos;192.168.1.13&amp;apos;, os.name: &amp;apos;Windows 10&amp;apos;, os.arch: &amp;apos;amd64&amp;apos;, os.version: &amp;apos;10.0&amp;apos;, java.version: &amp;apos;13.0.2&amp;apos;
Driver info: driver.version: ChromeDriver
remote stacktrace: Backtrace:
	Ordinal0 [0x00DD0C83+1707139]
	Ordinal0 [0x00D368F1+1075441]
	Ordinal0 [0x00CADFC9+516041]
	Ordinal0 [0x00C40554+66900]
	Ordinal0 [0x00C3CCE2+52450]
	Ordinal0 [0x00C5BFD7+180183]
	Ordinal0 [0x00C5BDDD+179677]
	Ordinal0 [0x00C59D4B+171339]
	Ordinal0 [0x00C41D4A+73034]
	Ordinal0 [0x00C42DC0+77248]
	Ordinal0 [0x00C42D59+77145]
	Ordinal0 [0x00D4BB67+1162087]
	GetHandleVerifier [0x00E6A966+508998]
	GetHandleVerifier [0x00E6A6A4+508292]
	GetHandleVerifier [0x00E7F7B7+594583]
	GetHandleVerifier [0x00E6B1D6+511158]
	Ordinal0 [0x00D4402C+1130540]
	Ordinal0 [0x00D4D4CB+1168587]
	Ordinal0 [0x00D4D633+1168947]
	Ordinal0 [0x00D65B35+1268533]
	BaseThreadInitThunk [0x75F56359+25]
	RtlGetAppContainerNamedObjectPath [0x77507C24+228]
	RtlGetAppContainerNamedObjectPath [0x77507BF4+180]
">
      <![CDATA[org.openqa.selenium.SessionNotCreatedException: session not created: This version of ChromeDriver only supports Chrome version 80
Build info: version: '3.141.59', revision: 'e82be7d358', time: '2018-11-14T08:25:53'
System info: host: 'LAPTOP-0MJRDEEN', ip: '192.168.1.13', os.name: 'Windows 10', os.arch: 'amd64', os.version: '10.0', java.version: '13.0.2'
Driver info: driver.version: ChromeDriver
remote stacktrace: Backtrace:
	Ordinal0 [0x00DD0C83+1707139]
	Ordinal0 [0x00D368F1+1075441]
	Ordinal0 [0x00CADFC9+516041]
	Ordinal0 [0x00C40554+66900]
	Ordinal0 [0x00C3CCE2+52450]
	Ordinal0 [0x00C5BFD7+180183]
	Ordinal0 [0x00C5BDDD+179677]
	Ordinal0 [0x00C59D4B+171339]
	Ordinal0 [0x00C41D4A+73034]
	Ordinal0 [0x00C42DC0+77248]
	Ordinal0 [0x00C42D59+77145]
	Ordinal0 [0x00D4BB67+1162087]
	GetHandleVerifier [0x00E6A966+508998]
	GetHandleVerifier [0x00E6A6A4+508292]
	GetHandleVerifier [0x00E7F7B7+594583]
	GetHandleVerifier [0x00E6B1D6+511158]
	Ordinal0 [0x00D4402C+1130540]
	Ordinal0 [0x00D4D4CB+1168587]
	Ordinal0 [0x00D4D633+1168947]
	Ordinal0 [0x00D65B35+1268533]
	BaseThreadInitThunk [0x75F56359+25]
	RtlGetAppContainerNamedObjectPath [0x77507C24+228]
	RtlGetAppContainerNamedObjectPath [0x77507BF4+180]

	at org.openqa.selenium.remote.W3CHandshakeResponse.lambda$errorHandler$0(W3CHandshakeResponse.java:62)
	at org.openqa.selenium.remote.HandshakeResponse.lambda$getResponseFunction$0(HandshakeResponse.java:30)
	at org.openqa.selenium.remote.ProtocolHandshake.lambda$createSession$0(ProtocolHandshake.java:126)
	at java.base/java.util.stream.ReferencePipeline$3$1.accept(ReferencePipeline.java:195)
	at java.base/java.util.Spliterators$ArraySpliterator.tryAdvance(Spliterators.java:958)
	at java.base/java.util.stream.ReferencePipeline.forEachWithCancel(ReferencePipeline.java:127)
	at java.base/java.util.stream.AbstractPipeline.copyIntoWithCancel(AbstractPipeline.java:502)
	at java.base/java.util.stream.AbstractPipeline.copyInto(AbstractPipeline.java:488)
	at java.base/java.util.stream.AbstractPipeline.wrapAndCopyInto(AbstractPipeline.java:474)
	at java.base/java.util.stream.FindOps$FindOp.evaluateSequential(FindOps.java:150)
	at java.base/java.util.stream.AbstractPipeline.evaluate(AbstractPipeline.java:234)
	at java.base/java.util.stream.ReferencePipeline.findFirst(ReferencePipeline.java:543)
	at org.openqa.selenium.remote.ProtocolHandshake.createSession(ProtocolHandshake.java:128)
	at org.openqa.selenium.remote.ProtocolHandshake.createSession(ProtocolHandshake.java:74)
	at org.openqa.selenium.remote.HttpCommandExecutor.execute(HttpCommandExecutor.java:136)
	at org.openqa.selenium.remote.service.DriverCommandExecutor.execute(DriverCommandExecutor.java:83)
	at org.openqa.selenium.remote.RemoteWebDriver.execute(RemoteWebDriver.java:552)
	at org.openqa.selenium.remote.RemoteWebDriver.startSession(RemoteWebDriver.java:213)
	at org.openqa.selenium.remote.RemoteWebDriver.<init>(RemoteWebDriver.java:131)
	at org.openqa.selenium.chrome.ChromeDriver.<init>(ChromeDriver.java:181)
	at org.openqa.selenium.chrome.ChromeDriver.<init>(ChromeDriver.java:168)
	at org.openqa.selenium.chrome.ChromeDriver.<init>(ChromeDriver.java:123)
	at extRepScrShot.URL(extRepScrShot.java:39)
... Removed 31 stack frames]]>
    </failure>
  </testcase> <!-- @BeforeMethod URL -->
  <testcase classname="extRepScrShot" name="@AfterMethod closebrowser" time="0.0">
    <skipped/>
  </testcase> <!-- @AfterMethod closebrowser -->
  <testcase classname="extRepScrShot" name="@AfterClass generateRep" time="0.0">
    <skipped/>
  </testcase> <!-- @AfterClass generateRep -->
  <testcase classname="extRepScrShot" name="dropdownMenu" time="0.05">
    <skipped/>
  </testcase> <!-- dropdownMenu -->
</testsuite> <!-- Test1 -->
