<?xml version="1.0" encoding="UTF-8"?>
<testng-results total="8" passed="0" failed="1" skipped="7">
  <reporter-output>
  </reporter-output>
  <suite started-at="2020-06-01T10:34:15Z" name="Default suite" finished-at="2020-06-01T10:34:42Z" duration-ms="27290">
    <groups>
    </groups>
    <test started-at="2020-06-01T10:34:15Z" name="Default test" finished-at="2020-06-01T10:34:42Z" duration-ms="27290">
      <class name="extRepScrShot">
        <test-method is-config="true" signature="createpath()[pri:0, instance:extRepScrShot@729d991e]" started-at="2020-06-01T20:34:15Z" name="createpath" finished-at="2020-06-01T20:34:15Z" duration-ms="527" status="PASS">
          <reporter-output>
          </reporter-output>
        </test-method> <!-- createpath -->
        <test-method is-config="true" signature="URL()[pri:0, instance:extRepScrShot@729d991e]" started-at="2020-06-01T20:34:15Z" name="URL" finished-at="2020-06-01T20:34:29Z" duration-ms="13665" status="PASS">
          <reporter-output>
          </reporter-output>
        </test-method> <!-- URL -->
        <test-method signature="verifyURLLaunch()[pri:1, instance:extRepScrShot@729d991e]" started-at="2020-06-01T20:34:29Z" name="verifyURLLaunch" finished-at="2020-06-01T20:34:41Z" duration-ms="12447" status="FAIL">
          <exception class="org.openqa.selenium.WebDriverException">
            <message>
              <![CDATA[chrome not reachable
  (Session info: chrome=83.0.4103.61)
Build info: version: '3.141.59', revision: 'e82be7d358', time: '2018-11-14T08:25:53'
System info: host: 'LAPTOP-0MJRDEEN', ip: '192.168.1.9', os.name: 'Windows 10', os.arch: 'amd64', os.version: '10.0', java.version: '13.0.2'
Driver info: org.openqa.selenium.chrome.ChromeDriver
Capabilities {acceptInsecureCerts: false, browserName: chrome, browserVersion: 83.0.4103.61, chrome: {chromedriverVersion: 83.0.4103.39 (ccbf011cb2d2b..., userDataDir: C:\Users\manoj\AppData\Loca...}, goog:chromeOptions: {debuggerAddress: localhost:50606}, javascriptEnabled: true, networkConnectionEnabled: false, pageLoadStrategy: normal, platform: WINDOWS, platformName: WINDOWS, proxy: Proxy(), setWindowRect: true, strictFileInteractability: false, timeouts: {implicit: 0, pageLoad: 300000, script: 30000}, unhandledPromptBehavior: dismiss and notify, webauthn:virtualAuthenticators: true}
Session ID: b2bba5230fff292c0b63660e5ca124b8]]>
            </message>
            <full-stacktrace>
              <![CDATA[org.openqa.selenium.WebDriverException: chrome not reachable
  (Session info: chrome=83.0.4103.61)
Build info: version: '3.141.59', revision: 'e82be7d358', time: '2018-11-14T08:25:53'
System info: host: 'LAPTOP-0MJRDEEN', ip: '192.168.1.9', os.name: 'Windows 10', os.arch: 'amd64', os.version: '10.0', java.version: '13.0.2'
Driver info: org.openqa.selenium.chrome.ChromeDriver
Capabilities {acceptInsecureCerts: false, browserName: chrome, browserVersion: 83.0.4103.61, chrome: {chromedriverVersion: 83.0.4103.39 (ccbf011cb2d2b..., userDataDir: C:\Users\manoj\AppData\Loca...}, goog:chromeOptions: {debuggerAddress: localhost:50606}, javascriptEnabled: true, networkConnectionEnabled: false, pageLoadStrategy: normal, platform: WINDOWS, platformName: WINDOWS, proxy: Proxy(), setWindowRect: true, strictFileInteractability: false, timeouts: {implicit: 0, pageLoad: 300000, script: 30000}, unhandledPromptBehavior: dismiss and notify, webauthn:virtualAuthenticators: true}
Session ID: b2bba5230fff292c0b63660e5ca124b8
	at java.base/jdk.internal.reflect.NativeConstructorAccessorImpl.newInstance0(Native Method)
	at java.base/jdk.internal.reflect.NativeConstructorAccessorImpl.newInstance(NativeConstructorAccessorImpl.java:62)
	at java.base/jdk.internal.reflect.DelegatingConstructorAccessorImpl.newInstance(DelegatingConstructorAccessorImpl.java:45)
	at java.base/java.lang.reflect.Constructor.newInstanceWithCaller(Constructor.java:500)
	at java.base/java.lang.reflect.Constructor.newInstance(Constructor.java:481)
	at org.openqa.selenium.remote.http.W3CHttpResponseCodec.createException(W3CHttpResponseCodec.java:187)
	at org.openqa.selenium.remote.http.W3CHttpResponseCodec.decode(W3CHttpResponseCodec.java:122)
	at org.openqa.selenium.remote.http.W3CHttpResponseCodec.decode(W3CHttpResponseCodec.java:49)
	at org.openqa.selenium.remote.HttpCommandExecutor.execute(HttpCommandExecutor.java:158)
	at org.openqa.selenium.remote.service.DriverCommandExecutor.execute(DriverCommandExecutor.java:83)
	at org.openqa.selenium.remote.RemoteWebDriver.execute(RemoteWebDriver.java:552)
	at org.openqa.selenium.remote.RemoteWebDriver.execute(RemoteWebDriver.java:609)
	at org.openqa.selenium.remote.RemoteWebDriver.getScreenshotAs(RemoteWebDriver.java:295)
	at ScreenShtPath.Captscreshot(ScreenShtPath.java:16)
	at extRepScrShot.verifyURLLaunch(extRepScrShot.java:85)
	at java.base/jdk.internal.reflect.NativeMethodAccessorImpl.invoke0(Native Method)
	at java.base/jdk.internal.reflect.NativeMethodAccessorImpl.invoke(NativeMethodAccessorImpl.java:62)
	at java.base/jdk.internal.reflect.DelegatingMethodAccessorImpl.invoke(DelegatingMethodAccessorImpl.java:43)
	at java.base/java.lang.reflect.Method.invoke(Method.java:567)
	at org.testng.internal.MethodInvocationHelper.invokeMethod(MethodInvocationHelper.java:85)
	at org.testng.internal.Invoker.invokeMethod(Invoker.java:639)
	at org.testng.internal.Invoker.invokeTestMethod(Invoker.java:816)
	at org.testng.internal.Invoker.invokeTestMethods(Invoker.java:1124)
	at org.testng.internal.TestMethodWorker.invokeTestMethods(TestMethodWorker.java:125)
	at org.testng.internal.TestMethodWorker.run(TestMethodWorker.java:108)
	at org.testng.TestRunner.privateRun(TestRunner.java:774)
	at org.testng.TestRunner.run(TestRunner.java:624)
	at org.testng.SuiteRunner.runTest(SuiteRunner.java:359)
	at org.testng.SuiteRunner.runSequentially(SuiteRunner.java:354)
	at org.testng.SuiteRunner.privateRun(SuiteRunner.java:312)
	at org.testng.SuiteRunner.run(SuiteRunner.java:261)
	at org.testng.SuiteRunnerWorker.runSuite(SuiteRunnerWorker.java:52)
	at org.testng.SuiteRunnerWorker.run(SuiteRunnerWorker.java:86)
	at org.testng.TestNG.runSuitesSequentially(TestNG.java:1215)
	at org.testng.TestNG.runSuitesLocally(TestNG.java:1140)
	at org.testng.TestNG.run(TestNG.java:1048)
	at org.testng.remote.AbstractRemoteTestNG.run(AbstractRemoteTestNG.java:115)
	at org.testng.remote.RemoteTestNG.initAndRun(RemoteTestNG.java:251)
	at org.testng.remote.RemoteTestNG.main(RemoteTestNG.java:77)
]]>
            </full-stacktrace>
          </exception> <!-- org.openqa.selenium.WebDriverException -->
          <reporter-output>
          </reporter-output>
        </test-method> <!-- verifyURLLaunch -->
        <test-method is-config="true" signature="closebrowser()[pri:0, instance:extRepScrShot@729d991e]" started-at="2020-06-01T20:34:41Z" name="closebrowser" finished-at="2020-06-01T20:34:41Z" duration-ms="0" status="FAIL">
          <exception class="org.openqa.selenium.WebDriverException">
            <message>
              <![CDATA[chrome not reachable
  (Session info: chrome=83.0.4103.61)
Build info: version: '3.141.59', revision: 'e82be7d358', time: '2018-11-14T08:25:53'
System info: host: 'LAPTOP-0MJRDEEN', ip: '192.168.1.9', os.name: 'Windows 10', os.arch: 'amd64', os.version: '10.0', java.version: '13.0.2'
Driver info: org.openqa.selenium.chrome.ChromeDriver
Capabilities {acceptInsecureCerts: false, browserName: chrome, browserVersion: 83.0.4103.61, chrome: {chromedriverVersion: 83.0.4103.39 (ccbf011cb2d2b..., userDataDir: C:\Users\manoj\AppData\Loca...}, goog:chromeOptions: {debuggerAddress: localhost:50606}, javascriptEnabled: true, networkConnectionEnabled: false, pageLoadStrategy: normal, platform: WINDOWS, platformName: WINDOWS, proxy: Proxy(), setWindowRect: true, strictFileInteractability: false, timeouts: {implicit: 0, pageLoad: 300000, script: 30000}, unhandledPromptBehavior: dismiss and notify, webauthn:virtualAuthenticators: true}
Session ID: b2bba5230fff292c0b63660e5ca124b8]]>
            </message>
            <full-stacktrace>
              <![CDATA[org.openqa.selenium.WebDriverException: chrome not reachable
  (Session info: chrome=83.0.4103.61)
Build info: version: '3.141.59', revision: 'e82be7d358', time: '2018-11-14T08:25:53'
System info: host: 'LAPTOP-0MJRDEEN', ip: '192.168.1.9', os.name: 'Windows 10', os.arch: 'amd64', os.version: '10.0', java.version: '13.0.2'
Driver info: org.openqa.selenium.chrome.ChromeDriver
Capabilities {acceptInsecureCerts: false, browserName: chrome, browserVersion: 83.0.4103.61, chrome: {chromedriverVersion: 83.0.4103.39 (ccbf011cb2d2b..., userDataDir: C:\Users\manoj\AppData\Loca...}, goog:chromeOptions: {debuggerAddress: localhost:50606}, javascriptEnabled: true, networkConnectionEnabled: false, pageLoadStrategy: normal, platform: WINDOWS, platformName: WINDOWS, proxy: Proxy(), setWindowRect: true, strictFileInteractability: false, timeouts: {implicit: 0, pageLoad: 300000, script: 30000}, unhandledPromptBehavior: dismiss and notify, webauthn:virtualAuthenticators: true}
Session ID: b2bba5230fff292c0b63660e5ca124b8
	at java.base/jdk.internal.reflect.NativeConstructorAccessorImpl.newInstance0(Native Method)
	at java.base/jdk.internal.reflect.NativeConstructorAccessorImpl.newInstance(NativeConstructorAccessorImpl.java:62)
	at java.base/jdk.internal.reflect.DelegatingConstructorAccessorImpl.newInstance(DelegatingConstructorAccessorImpl.java:45)
	at java.base/java.lang.reflect.Constructor.newInstanceWithCaller(Constructor.java:500)
	at java.base/java.lang.reflect.Constructor.newInstance(Constructor.java:481)
	at org.openqa.selenium.remote.http.W3CHttpResponseCodec.createException(W3CHttpResponseCodec.java:187)
	at org.openqa.selenium.remote.http.W3CHttpResponseCodec.decode(W3CHttpResponseCodec.java:122)
	at org.openqa.selenium.remote.http.W3CHttpResponseCodec.decode(W3CHttpResponseCodec.java:49)
	at org.openqa.selenium.remote.HttpCommandExecutor.execute(HttpCommandExecutor.java:158)
	at org.openqa.selenium.remote.service.DriverCommandExecutor.execute(DriverCommandExecutor.java:83)
	at org.openqa.selenium.remote.RemoteWebDriver.execute(RemoteWebDriver.java:552)
	at org.openqa.selenium.remote.RemoteWebDriver.execute(RemoteWebDriver.java:609)
	at org.openqa.selenium.remote.RemoteWebDriver.close(RemoteWebDriver.java:442)
	at extRepScrShot.closebrowser(extRepScrShot.java:261)
	at java.base/jdk.internal.reflect.NativeMethodAccessorImpl.invoke0(Native Method)
	at java.base/jdk.internal.reflect.NativeMethodAccessorImpl.invoke(NativeMethodAccessorImpl.java:62)
	at java.base/jdk.internal.reflect.DelegatingMethodAccessorImpl.invoke(DelegatingMethodAccessorImpl.java:43)
	at java.base/java.lang.reflect.Method.invoke(Method.java:567)
	at org.testng.internal.MethodInvocationHelper.invokeMethod(MethodInvocationHelper.java:85)
	at org.testng.internal.Invoker.invokeConfigurationMethod(Invoker.java:510)
	at org.testng.internal.Invoker.invokeConfigurations(Invoker.java:211)
	at org.testng.internal.Invoker.invokeMethod(Invoker.java:703)
	at org.testng.internal.Invoker.invokeTestMethod(Invoker.java:816)
	at org.testng.internal.Invoker.invokeTestMethods(Invoker.java:1124)
	at org.testng.internal.TestMethodWorker.invokeTestMethods(TestMethodWorker.java:125)
	at org.testng.internal.TestMethodWorker.run(TestMethodWorker.java:108)
	at org.testng.TestRunner.privateRun(TestRunner.java:774)
	at org.testng.TestRunner.run(TestRunner.java:624)
	at org.testng.SuiteRunner.runTest(SuiteRunner.java:359)
	at org.testng.SuiteRunner.runSequentially(SuiteRunner.java:354)
	at org.testng.SuiteRunner.privateRun(SuiteRunner.java:312)
	at org.testng.SuiteRunner.run(SuiteRunner.java:261)
	at org.testng.SuiteRunnerWorker.runSuite(SuiteRunnerWorker.java:52)
	at org.testng.SuiteRunnerWorker.run(SuiteRunnerWorker.java:86)
	at org.testng.TestNG.runSuitesSequentially(TestNG.java:1215)
	at org.testng.TestNG.runSuitesLocally(TestNG.java:1140)
	at org.testng.TestNG.run(TestNG.java:1048)
	at org.testng.remote.AbstractRemoteTestNG.run(AbstractRemoteTestNG.java:115)
	at org.testng.remote.RemoteTestNG.initAndRun(RemoteTestNG.java:251)
	at org.testng.remote.RemoteTestNG.main(RemoteTestNG.java:77)
]]>
            </full-stacktrace>
          </exception> <!-- org.openqa.selenium.WebDriverException -->
          <reporter-output>
          </reporter-output>
        </test-method> <!-- closebrowser -->
        <test-method is-config="true" signature="URL()[pri:0, instance:extRepScrShot@729d991e]" started-at="2020-06-01T20:34:41Z" name="URL" finished-at="2020-06-01T20:34:41Z" duration-ms="0" status="SKIP">
          <reporter-output>
          </reporter-output>
        </test-method> <!-- URL -->
        <test-method signature="LoginwithInvalidCredential()[pri:2, instance:extRepScrShot@729d991e]" started-at="2020-06-01T20:34:41Z" name="LoginwithInvalidCredential" finished-at="2020-06-01T20:34:42Z" duration-ms="10" status="SKIP">
          <reporter-output>
          </reporter-output>
        </test-method> <!-- LoginwithInvalidCredential -->
        <test-method is-config="true" signature="closebrowser()[pri:0, instance:extRepScrShot@729d991e]" started-at="2020-06-01T20:34:42Z" name="closebrowser" finished-at="2020-06-01T20:34:42Z" duration-ms="0" status="SKIP">
          <reporter-output>
          </reporter-output>
        </test-method> <!-- closebrowser -->
        <test-method is-config="true" signature="URL()[pri:0, instance:extRepScrShot@729d991e]" started-at="2020-06-01T20:34:42Z" name="URL" finished-at="2020-06-01T20:34:42Z" duration-ms="0" status="SKIP">
          <reporter-output>
          </reporter-output>
        </test-method> <!-- URL -->
        <test-method signature="Join()[pri:3, instance:extRepScrShot@729d991e]" started-at="2020-06-01T20:34:42Z" name="Join" finished-at="2020-06-01T20:34:42Z" duration-ms="8" status="SKIP">
          <reporter-output>
          </reporter-output>
        </test-method> <!-- Join -->
        <test-method is-config="true" signature="closebrowser()[pri:0, instance:extRepScrShot@729d991e]" started-at="2020-06-01T20:34:42Z" name="closebrowser" finished-at="2020-06-01T20:34:42Z" duration-ms="0" status="SKIP">
          <reporter-output>
          </reporter-output>
        </test-method> <!-- closebrowser -->
        <test-method is-config="true" signature="URL()[pri:0, instance:extRepScrShot@729d991e]" started-at="2020-06-01T20:34:42Z" name="URL" finished-at="2020-06-01T20:34:42Z" duration-ms="0" status="SKIP">
          <reporter-output>
          </reporter-output>
        </test-method> <!-- URL -->
        <test-method signature="VerifySearchbox()[pri:4, instance:extRepScrShot@729d991e]" started-at="2020-06-01T20:34:42Z" name="VerifySearchbox" finished-at="2020-06-01T20:34:42Z" duration-ms="14" status="SKIP">
          <reporter-output>
          </reporter-output>
        </test-method> <!-- VerifySearchbox -->
        <test-method is-config="true" signature="closebrowser()[pri:0, instance:extRepScrShot@729d991e]" started-at="2020-06-01T20:34:42Z" name="closebrowser" finished-at="2020-06-01T20:34:42Z" duration-ms="0" status="SKIP">
          <reporter-output>
          </reporter-output>
        </test-method> <!-- closebrowser -->
        <test-method is-config="true" signature="URL()[pri:0, instance:extRepScrShot@729d991e]" started-at="2020-06-01T20:34:42Z" name="URL" finished-at="2020-06-01T20:34:42Z" duration-ms="0" status="SKIP">
          <reporter-output>
          </reporter-output>
        </test-method> <!-- URL -->
        <test-method signature="contactus()[pri:5, instance:extRepScrShot@729d991e]" started-at="2020-06-01T20:34:42Z" name="contactus" finished-at="2020-06-01T20:34:42Z" duration-ms="27" status="SKIP">
          <reporter-output>
          </reporter-output>
        </test-method> <!-- contactus -->
        <test-method is-config="true" signature="closebrowser()[pri:0, instance:extRepScrShot@729d991e]" started-at="2020-06-01T20:34:42Z" name="closebrowser" finished-at="2020-06-01T20:34:42Z" duration-ms="0" status="SKIP">
          <reporter-output>
          </reporter-output>
        </test-method> <!-- closebrowser -->
        <test-method is-config="true" signature="URL()[pri:0, instance:extRepScrShot@729d991e]" started-at="2020-06-01T20:34:42Z" name="URL" finished-at="2020-06-01T20:34:42Z" duration-ms="0" status="SKIP">
          <reporter-output>
          </reporter-output>
        </test-method> <!-- URL -->
        <test-method signature="dropdownMenu()[pri:6, instance:extRepScrShot@729d991e]" started-at="2020-06-01T20:34:42Z" name="dropdownMenu" finished-at="2020-06-01T20:34:42Z" duration-ms="7" status="SKIP">
          <reporter-output>
          </reporter-output>
        </test-method> <!-- dropdownMenu -->
        <test-method is-config="true" signature="closebrowser()[pri:0, instance:extRepScrShot@729d991e]" started-at="2020-06-01T20:34:42Z" name="closebrowser" finished-at="2020-06-01T20:34:42Z" duration-ms="0" status="SKIP">
          <reporter-output>
          </reporter-output>
        </test-method> <!-- closebrowser -->
        <test-method is-config="true" signature="URL()[pri:0, instance:extRepScrShot@729d991e]" started-at="2020-06-01T20:34:42Z" name="URL" finished-at="2020-06-01T20:34:42Z" duration-ms="0" status="SKIP">
          <reporter-output>
          </reporter-output>
        </test-method> <!-- URL -->
        <test-method signature="verifyCompareusTab()[pri:7, instance:extRepScrShot@729d991e]" started-at="2020-06-01T20:34:42Z" name="verifyCompareusTab" finished-at="2020-06-01T20:34:42Z" duration-ms="15" status="SKIP">
          <reporter-output>
          </reporter-output>
        </test-method> <!-- verifyCompareusTab -->
        <test-method is-config="true" signature="closebrowser()[pri:0, instance:extRepScrShot@729d991e]" started-at="2020-06-01T20:34:42Z" name="closebrowser" finished-at="2020-06-01T20:34:42Z" duration-ms="0" status="SKIP">
          <reporter-output>
          </reporter-output>
        </test-method> <!-- closebrowser -->
        <test-method is-config="true" signature="URL()[pri:0, instance:extRepScrShot@729d991e]" started-at="2020-06-01T20:34:42Z" name="URL" finished-at="2020-06-01T20:34:42Z" duration-ms="0" status="SKIP">
          <reporter-output>
          </reporter-output>
        </test-method> <!-- URL -->
        <test-method signature="Alert()[pri:8, instance:extRepScrShot@729d991e]" started-at="2020-06-01T20:34:42Z" name="Alert" finished-at="2020-06-01T20:34:42Z" duration-ms="17" status="SKIP">
          <reporter-output>
          </reporter-output>
        </test-method> <!-- Alert -->
        <test-method is-config="true" signature="closebrowser()[pri:0, instance:extRepScrShot@729d991e]" started-at="2020-06-01T20:34:42Z" name="closebrowser" finished-at="2020-06-01T20:34:42Z" duration-ms="0" status="SKIP">
          <reporter-output>
          </reporter-output>
        </test-method> <!-- closebrowser -->
        <test-method is-config="true" signature="generateRep()[pri:0, instance:extRepScrShot@729d991e]" started-at="2020-06-01T20:34:42Z" name="generateRep" finished-at="2020-06-01T20:34:42Z" duration-ms="0" status="SKIP">
          <reporter-output>
          </reporter-output>
        </test-method> <!-- generateRep -->
      </class> <!-- extRepScrShot -->
    </test> <!-- Default test -->
  </suite> <!-- Default suite -->
</testng-results>
